# JRE version: OpenJDK Runtime Environment (8.0_152-b01) (build 1.8.0_152-release-915-b01)
# Java VM: OpenJDK 64-Bit Server VM (25.152-b01 mixed mode linux-amd64 compressed oops)
Heap:
 def new generation   total 9536K, used 0K [0x00000000c0000000, 0x00000000c0a50000, 0x00000000d5550000)
  eden space 8512K,   0% used [0x00000000c0000000, 0x00000000c0000000, 0x00000000c0850000)
  from space 1024K,   0% used [0x00000000c0850000, 0x00000000c0850000, 0x00000000c0950000)
  to   space 1024K,   0% used [0x00000000c0950000, 0x00000000c0950000, 0x00000000c0a50000)
 tenured generation   total 24696K, used 24347K [0x00000000d5550000, 0x00000000d6d6e000, 0x0000000100000000)
   the space 24696K,  98% used [0x00000000d5550000, 0x00000000d6d16ca8, 0x00000000d6d16e00, 0x00000000d6d6e000)
 Metaspace       used 44107K, capacity 44976K, committed 45312K, reserved 1089536K
  class space    used 5791K, capacity 6123K, committed 6144K, reserved 1048576K
GC Heap History (10 events):
Event: 36.229 GC heap after
Heap after GC invocations=89 (full 4):
 def new generation   total 9536K, used 781K [0x00000000c0000000, 0x00000000c0a50000, 0x00000000d5550000)
  eden space 8512K,   0% used [0x00000000c0000000, 0x00000000c0000000, 0x00000000c0850000)
  from space 1024K,  76% used [0x00000000c0950000, 0x00000000c0a13558, 0x00000000c0a50000)
  to   space 1024K,   0% used [0x00000000c0850000, 0x00000000c0850000, 0x00000000c0950000)
 tenured generation   total 20860K, used 17615K [0x00000000d5550000, 0x00000000d69af000, 0x0000000100000000)
   the space 20860K,  84% used [0x00000000d5550000, 0x00000000d6683ce0, 0x00000000d6683e00, 0x00000000d69af000)
 Metaspace       used 41199K, capacity 41988K, committed 42240K, reserved 1085440K
  class space    used 5449K, capacity 5781K, committed 5888K, reserved 1048576K
}
Event: 36.514 GC heap before
{Heap before GC invocations=89 (full 4):
 def new generation   total 9536K, used 9293K [0x00000000c0000000, 0x00000000c0a50000, 0x00000000d5550000)
  eden space 8512K, 100% used [0x00000000c0000000, 0x00000000c0850000, 0x00000000c0850000)
  from space 1024K,  76% used [0x00000000c0950000, 0x00000000c0a13558, 0x00000000c0a50000)
  to   space 1024K,   0% used [0x00000000c0850000, 0x00000000c0850000, 0x00000000c0950000)
 tenured generation   total 20860K, used 17615K [0x00000000d5550000, 0x00000000d69af000, 0x0000000100000000)
   the space 20860K,  84% used [0x00000000d5550000, 0x00000000d6683ce0, 0x00000000d6683e00, 0x00000000d69af000)
 Metaspace       used 41265K, capacity 41988K, committed 42240K, reserved 1085440K
  class space    used 5456K, capacity 5781K, committed 5888K, reserved 1048576K
Event: 36.546 GC heap after
Heap after GC invocations=90 (full 4):
 def new generation   total 9536K, used 747K [0x00000000c0000000, 0x00000000c0a50000, 0x00000000d5550000)
  eden space 8512K,   0% used [0x00000000c0000000, 0x00000000c0000000, 0x00000000c0850000)
  from space 1024K,  72% used [0x00000000c0850000, 0x00000000c090ade0, 0x00000000c0950000)
  to   space 1024K,   0% used [0x00000000c0950000, 0x00000000c0950000, 0x00000000c0a50000)
 tenured generation   total 20860K, used 18014K [0x00000000d5550000, 0x00000000d69af000, 0x0000000100000000)
   the space 20860K,  86% used [0x00000000d5550000, 0x00000000d66e7b58, 0x00000000d66e7c00, 0x00000000d69af000)
 Metaspace       used 41265K, capacity 41988K, committed 42240K, reserved 1085440K
  class space    used 5456K, capacity 5781K, committed 5888K, reserved 1048576K
}
Event: 38.341 GC heap before
{Heap before GC invocations=90 (full 4):
 def new generation   total 9536K, used 9259K [0x00000000c0000000, 0x00000000c0a50000, 0x00000000d5550000)
  eden space 8512K, 100% used [0x00000000c0000000, 0x00000000c0850000, 0x00000000c0850000)
  from space 1024K,  72% used [0x00000000c0850000, 0x00000000c090ade0, 0x00000000c0950000)
  to   space 1024K,   0% used [0x00000000c0950000, 0x00000000c0950000, 0x00000000c0a50000)
 tenured generation   total 20860K, used 18014K [0x00000000d5550000, 0x00000000d69af000, 0x0000000100000000)
   the space 20860K,  86% used [0x00000000d5550000, 0x00000000d66e7b58, 0x00000000d66e7c00, 0x00000000d69af000)
 Metaspace       used 42783K, capacity 43608K, committed 43904K, reserved 1087488K
  class space    used 5647K, capacity 5977K, committed 6016K, reserved 1048576K
Event: 38.473 GC heap after
Heap after GC invocations=91 (full 4):
 def new generation   total 9536K, used 1023K [0x00000000c0000000, 0x00000000c0a50000, 0x00000000d5550000)
  eden space 8512K,   0% used [0x00000000c0000000, 0x00000000c0000000, 0x00000000c0850000)
  from space 1024K,  99% used [0x00000000c0950000, 0x00000000c0a4fff0, 0x00000000c0a50000)
  to   space 1024K,   0% used [0x00000000c0850000, 0x00000000c0850000, 0x00000000c0950000)
 tenured generation   total 20860K, used 18834K [0x00000000d5550000, 0x00000000d69af000, 0x0000000100000000)
   the space 20860K,  90% used [0x00000000d5550000, 0x00000000d67b4bb8, 0x00000000d67b4c00, 0x00000000d69af000)
 Metaspace       used 42783K, capacity 43608K, committed 43904K, reserved 1087488K
  class space    used 5647K, capacity 5977K, committed 6016K, reserved 1048576K
}
Event: 39.687 GC heap before
{Heap before GC invocations=91 (full 4):
 def new generation   total 9536K, used 9535K [0x00000000c0000000, 0x00000000c0a50000, 0x00000000d5550000)
  eden space 8512K, 100% used [0x00000000c0000000, 0x00000000c0850000, 0x00000000c0850000)
  from space 1024K,  99% used [0x00000000c0950000, 0x00000000c0a4fff0, 0x00000000c0a50000)
  to   space 1024K,   0% used [0x00000000c0850000, 0x00000000c0850000, 0x00000000c0950000)
 tenured generation   total 20860K, used 18834K [0x00000000d5550000, 0x00000000d69af000, 0x0000000100000000)
   the space 20860K,  90% used [0x00000000d5550000, 0x00000000d67b4bb8, 0x00000000d67b4c00, 0x00000000d69af000)
 Metaspace       used 43560K, capacity 44384K, committed 44800K, reserved 1087488K
  class space    used 5738K, capacity 6081K, committed 6144K, reserved 1048576K
Event: 39.800 GC heap after
Heap after GC invocations=92 (full 4):
 def new generation   total 9536K, used 981K [0x00000000c0000000, 0x00000000c0a50000, 0x00000000d5550000)
  eden space 8512K,   0% used [0x00000000c0000000, 0x00000000c0000000, 0x00000000c0850000)
  from space 1024K,  95% used [0x00000000c0850000, 0x00000000c0945500, 0x00000000c0950000)
  to   space 1024K,   0% used [0x00000000c0950000, 0x00000000c0950000, 0x00000000c0a50000)
 tenured generation   total 20860K, used 19744K [0x00000000d5550000, 0x00000000d69af000, 0x0000000100000000)
   the space 20860K,  94% used [0x00000000d5550000, 0x00000000d6898110, 0x00000000d6898200, 0x00000000d69af000)
 Metaspace       used 43560K, capacity 44384K, committed 44800K, reserved 1087488K
  class space    used 5738K, capacity 6081K, committed 6144K, reserved 1048576K
}
Event: 40.302 GC heap before
{Heap before GC invocations=92 (full 4):
 def new generation   total 9536K, used 9484K [0x00000000c0000000, 0x00000000c0a50000, 0x00000000d5550000)
  eden space 8512K,  99% used [0x00000000c0000000, 0x00000000c084dbb0, 0x00000000c0850000)
  from space 1024K,  95% used [0x00000000c0850000, 0x00000000c0945500, 0x00000000c0950000)
  to   space 1024K,   0% used [0x00000000c0950000, 0x00000000c0950000, 0x00000000c0a50000)
 tenured generation   total 20860K, used 19744K [0x00000000d5550000, 0x00000000d69af000, 0x0000000100000000)
   the space 20860K,  94% used [0x00000000d5550000, 0x00000000d6898110, 0x00000000d6898200, 0x00000000d69af000)
 Metaspace       used 44105K, capacity 44976K, committed 45312K, reserved 1089536K
  class space    used 5791K, capacity 6123K, committed 6144K, reserved 1048576K
Event: 40.350 GC heap after
Heap after GC invocations=93 (full 4):
 def new generation   total 9536K, used 1024K [0x00000000c0000000, 0x00000000c0a50000, 0x00000000d5550000)
  eden space 8512K,   0% used [0x00000000c0000000, 0x00000000c0000000, 0x00000000c0850000)
  from space 1024K, 100% used [0x00000000c0950000, 0x00000000c0a50000, 0x00000000c0a50000)
  to   space 1024K,   0% used [0x00000000c0850000, 0x00000000c0850000, 0x00000000c0950000)
 tenured generation   total 20860K, used 20738K [0x00000000d5550000, 0x00000000d69af000, 0x0000000100000000)
   the space 20860K,  99% used [0x00000000d5550000, 0x00000000d6990970, 0x00000000d6990a00, 0x00000000d69af000)
 Metaspace       used 44105K, capacity 44976K, committed 45312K, reserved 1089536K
  class space    used 5791K, capacity 6123K, committed 6144K, reserved 1048576K
}
Event: 40.498 GC heap before
{Heap before GC invocations=93 (full 4):
 def new generation   total 9536K, used 9536K [0x00000000c0000000, 0x00000000c0a50000, 0x00000000d5550000)
  eden space 8512K, 100% used [0x00000000c0000000, 0x00000000c0850000, 0x00000000c0850000)
  from space 1024K, 100% used [0x00000000c0950000, 0x00000000c0a50000, 0x00000000c0a50000)
  to   space 1024K,   0% used [0x00000000c0850000, 0x00000000c0850000, 0x00000000c0950000)
 tenured generation   total 20860K, used 20738K [0x00000000d5550000, 0x00000000d69af000, 0x0000000100000000)
   the space 20860K,  99% used [0x00000000d5550000, 0x00000000d6990970, 0x00000000d6990a00, 0x00000000d69af000)
 Metaspace       used 44107K, capacity 44976K, committed 45312K, reserved 1089536K
  class space    used 5791K, capacity 6123K, committed 6144K, reserved 1048576K

